<?xml version="1.0" encoding="UTF-8"?>
<testsuite xmlns:xsi="http://www.w3.org/2001/XMLSchema-instance" xsi:noNamespaceSchemaLocation="https://maven.apache.org/surefire/maven-surefire-plugin/xsd/surefire-test-report-3.0.xsd" version="3.0" name="com.example.crud.CrudApplicationTests" time="3.436" tests="1" errors="0" skipped="0" failures="0">
  <properties>
[...]
</properties>
  <testcase name="contextLoads" classname="com.example.crud.CrudApplicationTests" time="0.561">
    <system-out><![CDATA[18:43:17.822 [main] INFO org.springframework.test.context.support.AnnotationConfigContextLoaderUtils -- Could not detect default configuration classes for test class [com.example.crud.CrudApplicationTests]: CrudApplicationTests does not declare any static, non-private, non-final, nested classes annotated with @Configuration.
18:43:17.900 [main] INFO org.springframework.boot.test.context.SpringBootTestContextBootstrapper -- Found @SpringBootConfiguration com.example.crud.CrudApplication for test class com.example.crud.CrudApplicationTests

  .   ____          _            __ _ _
 /\\ / ___'_ __ _ _(_)_ __  __ _ \ \ \ \
( ( )\___ | '_ | '_| | '_ \/ _` | \ \ \ \
 \\/  ___)| |_)| | | | | || (_| |  ) ) ) )
  '  |____| .__|_| |_|_| |_\__, | / / / /
 =========|_|==============|___/=/_/_/_/
 :: Spring Boot ::                (v3.1.0)

2023-10-01T18:43:18.221-03:00  INFO 2332 --- [           main] com.example.crud.CrudApplicationTests    : Starting CrudApplicationTests using Java 20.0.2 with PID 2332 (started by Gian in D:\Faculdade\Java\live-crud-java-spring)
2023-10-01T18:43:18.222-03:00  INFO 2332 --- [           main] com.example.crud.CrudApplicationTests    : No active profile set, falling back to 1 default profile: "default"
2023-10-01T18:43:18.679-03:00  INFO 2332 --- [           main] .s.d.r.c.RepositoryConfigurationDelegate : Bootstrapping Spring Data JPA repositories in DEFAULT mode.
2023-10-01T18:43:18.696-03:00  INFO 2332 --- [           main] .s.d.r.c.RepositoryConfigurationDelegate : Finished Spring Data repository scanning in 10 ms. Found 0 JPA repository interfaces.
2023-10-01T18:43:19.037-03:00  INFO 2332 --- [           main] o.f.c.internal.license.VersionPrinter    : Flyway Community Edition 9.16.3 by Redgate
2023-10-01T18:43:19.037-03:00  INFO 2332 --- [           main] o.f.c.internal.license.VersionPrinter    : See release notes here: https://rd.gt/416ObMi
2023-10-01T18:43:19.037-03:00  INFO 2332 --- [           main] o.f.c.internal.license.VersionPrinter    : 
2023-10-01T18:43:19.042-03:00  INFO 2332 --- [           main] com.zaxxer.hikari.HikariDataSource       : HikariPool-1 - Starting...
2023-10-01T18:43:19.179-03:00  INFO 2332 --- [           main] com.zaxxer.hikari.pool.HikariPool        : HikariPool-1 - Added connection org.postgresql.jdbc.PgConnection@65e22def
2023-10-01T18:43:19.181-03:00  INFO 2332 --- [           main] com.zaxxer.hikari.HikariDataSource       : HikariPool-1 - Start completed.
2023-10-01T18:43:19.193-03:00  INFO 2332 --- [           main] o.f.c.i.database.base.BaseDatabaseType   : Database: jdbc:postgresql://localhost:5432/partners (PostgreSQL 12.16)
2023-10-01T18:43:19.216-03:00  INFO 2332 --- [           main] o.f.c.i.s.JdbcTableSchemaHistory         : Schema history table "public"."flyway_schema_history" does not exist yet
2023-10-01T18:43:19.218-03:00  INFO 2332 --- [           main] o.f.core.internal.command.DbValidate     : Successfully validated 0 migrations (execution time 00:00.008s)
2023-10-01T18:43:19.218-03:00  WARN 2332 --- [           main] o.f.core.internal.command.DbValidate     : No migrations found. Are your locations set up correctly?
2023-10-01T18:43:19.233-03:00  INFO 2332 --- [           main] o.f.c.i.s.JdbcTableSchemaHistory         : Creating Schema History table "public"."flyway_schema_history" ...
2023-10-01T18:43:19.312-03:00  INFO 2332 --- [           main] o.f.core.internal.command.DbMigrate      : Current version of schema "public": << Empty Schema >>
2023-10-01T18:43:19.312-03:00  INFO 2332 --- [           main] o.f.core.internal.command.DbMigrate      : Schema "public" is up to date. No migration necessary.
2023-10-01T18:43:19.404-03:00  INFO 2332 --- [           main] o.hibernate.jpa.internal.util.LogHelper  : HHH000204: Processing PersistenceUnitInfo [name: default]
2023-10-01T18:43:19.464-03:00  INFO 2332 --- [           main] org.hibernate.Version                    : HHH000412: Hibernate ORM core version 6.2.2.Final
2023-10-01T18:43:19.466-03:00  INFO 2332 --- [           main] org.hibernate.cfg.Environment            : HHH000406: Using bytecode reflection optimizer
2023-10-01T18:43:19.662-03:00  INFO 2332 --- [           main] o.h.b.i.BytecodeProviderInitiator        : HHH000021: Bytecode provider name : bytebuddy
2023-10-01T18:43:19.786-03:00  INFO 2332 --- [           main] o.s.o.j.p.SpringPersistenceUnitInfo      : No LoadTimeWeaver setup: ignoring JPA class transformer
2023-10-01T18:43:19.836-03:00  INFO 2332 --- [           main] org.hibernate.orm.dialect                : HHH035001: Using dialect: org.hibernate.dialect.PostgreSQLDialect, version: org.hibernate.engine.jdbc.env.internal.JdbcEnvironmentInitiator$DialectResolutionInfoImpl@4d43a1b7
2023-10-01T18:43:19.909-03:00  INFO 2332 --- [           main] o.h.b.i.BytecodeProviderInitiator        : HHH000021: Bytecode provider name : bytebuddy
2023-10-01T18:43:20.080-03:00  INFO 2332 --- [           main] o.h.e.t.j.p.i.JtaPlatformInitiator       : HHH000490: Using JtaPlatform implementation: [org.hibernate.engine.transaction.jta.platform.internal.NoJtaPlatform]
2023-10-01T18:43:20.085-03:00  INFO 2332 --- [           main] j.LocalContainerEntityManagerFactoryBean : Initialized JPA EntityManagerFactory for persistence unit 'default'
2023-10-01T18:43:20.220-03:00  WARN 2332 --- [           main] JpaBaseConfiguration$JpaWebConfiguration : spring.jpa.open-in-view is enabled by default. Therefore, database queries may be performed during view rendering. Explicitly configure spring.jpa.open-in-view to disable this warning
2023-10-01T18:43:20.552-03:00  INFO 2332 --- [           main] com.example.crud.CrudApplicationTests    : Started CrudApplicationTests in 2.531 seconds (process running for 3.275)
]]></system-out>
    <system-err><![CDATA[SLF4J: Class path contains multiple SLF4J providers.
SLF4J: Found provider [ch.qos.logback.classic.spi.LogbackServiceProvider@2df3b89c]
SLF4J: Found provider [org.slf4j.nop.NOPServiceProvider@23348b5d]
SLF4J: Found provider [org.slf4j.jul.JULServiceProvider@70325e14]
SLF4J: See https://www.slf4j.org/codes.html#multiple_bindings for an explanation.
SLF4J: Actual provider is of type [ch.qos.logback.classic.spi.LogbackServiceProvider@2df3b89c]
]]></system-err>
  </testcase>
</testsuite>